<?xml version="1.0" encoding="UTF-8" ?>
<testsuite errors="0" failures="0" hostname="Pedros-MacBook-Pro-2.local" name="com.flatironschool.javacs.JedisIndexTest" skipped="0" tests="1" time="2.62" timestamp="2016-06-27T01:51:51">
  <properties>
[...]
</properties>
  <testcase classname="com.flatironschool.javacs.JedisIndexTest" name="testGetCounts" time="2.565" />
  <system-out><![CDATA[, 336
exception, 2
javabeans, 1
references, 1
allowed, 1
objects, 11
setvisible, 1
recognized, 1
slower, 1
without, 5
these, 5
printwriter, 1
introduced, 1
would, 1
protected, 1
because, 3
ioexception, 1
packaged, 1
$, 1
devices, 2
fairly, 1
google, 5
optional, 1
require, 1
community, 4
analysis, 2
packages, 4
version, 3
adapted, 1
0, 4
standards, 3
1, 9
reuses, 1
2, 3
contains, 7
size, 1
5, 3
left, 1
6, 2
7, 3
8, 3
historically, 1
9, 1
returns, 1
<, 1
much, 2
>, 1
object, 23
shortly, 1
providing, 1
role, 1
independent, 3
notable, 1
manual, 1
example, 4
result, 2
characters, 1
smartphones, 1
after, 5
solaris, 1
close, 5
computers, 1
resigned, 1
sweep, 1
annotation, 1
haskell, 1
a, 101
fostering, 1
c, 4
licensed, 1
sets, 1
e, 5
copyrights, 1
kernel, 1
i, 5
combines, 1
logical, 1
printing, 2
gnu, 5
the, 339
component, 4
licenses, 1
swing, 8
s, 17
calling, 2
x, 2
routines, 1
returned, 3
discuss, 1
standard, 9
november, 1
instructions, 2
servletrequest, 2
harmony, 1
iso, 2
keywords, 1
official, 2
specifications, 1
j2me, 1
generated, 2
incorporated, 1
others, 2
nonexistent, 1
add, 3
gpl, 3
making, 1
need, 2
originally, 3
its, 10
often, 1
users, 2
aside, 1
http, 2
private, 1
united, 1
provided, 1
standardization, 1
interface, 5
representation, 1
directory, 1
prevent, 2
compiled, 5
producing, 1
appended, 1
provides, 7
responsible, 1
patrick, 1
end, 2
compiler, 9
laptops, 1
compiles, 1
citation, 2
multiple, 8
mobile, 2
perform, 1
rich, 1
label, 1
better, 1
args, 4
special, 1
with, 36
environment, 3
referenced, 4
service, 4
coffee, 1
there, 6
syntax, 5
achieved, 1
well, 3
handling, 1
personaljava, 1
c++, 10
copyright, 1
named, 2
called, 15
executables, 1
told, 1
configurations, 1
release, 2
considered, 1
arithmetic, 2
occurs, 1
accessed, 1
number, 2
responding, 1
genericservlet, 2
centers, 1
judge, 1
write, 4
order, 2
cooperation, 1
similar, 2
went, 1
jcomponent, 1
corporation, 3
programmer, 3
specify, 1
underlying, 1
slowly, 1
exit, 4
system, 11
million, 2
even, 1
transparency, 1
gui, 2
other, 9
circuit, 1
indicated, 1
against, 1
cms, 1
respectively, 1
functionality, 1
portability, 1
top, 1
too, 1
native, 3
indicates, 2
have, 9
particularly, 1
television, 2
j2se, 3
inconsistent, 1
interchangeably, 1
framework, 1
requiring, 1
regard, 1
stored, 3
attributes, 1
francisco, 1
environments, 3
steward, 1
almost, 4
modifier, 1
implicitly, 1
prevents, 1
simplifies, 1
body, 1
upon, 1
platforms, 8
rmi, 1
identical, 2
pages, 4
declares, 1
earlier, 1
etc, 1
windowconstants, 1
members, 1
motif, 1
cable, 1
all, 9
always, 1
new, 5
void, 3
including, 1
clones, 1
below, 1
already, 1
lay, 1
guaranteed, 1
basis, 2
200, 2
rigorous, 1
apis, 7
were, 5
remedied, 1
translates, 1
specialized, 1
became, 1
initiated, 1
influenced, 1
cause, 2
times, 1
similarly, 1
and, 99
intended, 4
design, 3
extra, 1
predict, 1
universal, 1
declared, 1
comments, 4
automatic, 2
bytecodes, 1
specific, 7
any, 11
despite, 1
caller, 1
application, 8
compilation, 3
inherited, 5
jframe, 4
unsigned, 2
until, 1
machines, 1
respond, 1
servletresponse, 2
renamed, 3
extending, 1
reversed, 1
thought, 1
compiling, 1
led, 1
anywhere, 2
deallocated, 2
defines, 1
companies, 2
java, 148
recompilation, 1
let, 1
jar, 2
pointers, 1
defined, 3
fully, 1
events, 1
microcontrollers, 1
element, 2
displayed, 3
using, 8
began, 1
remain, 1
containing, 2
pack, 1
each, 5
width=, 1
creating, 1
must, 6
styles, 1
bytecode, 11
complexity, 1
feels, 1
fqcn, 1
another, 1
automatically, 2
document, 1
concurrent, 2
facto, 2
two, 2
default, 3
releasing, 1
found, 1
are, 30
does, 9
code=, 1
delimiters, 3
reported, 1
structured, 1
where, 4
attribute, 1
mechanism, 1
popular, 4
arm, 2
escape, 1
graphic, 2
creation, 3
latest, 1
vice, 1
languages, 3
lacking, 1
declaration, 2
jdk, 2
call, 1
such, 10
marketing, 1
plugin, 1
stringbuilder, 1
japplet, 7
supported, 7
through, 5
resulted, 1
featured, 1
becoming, 1
microsystems, 8
run, 14
had, 4
remains, 2
source, 10
enclosing, 1
secure, 1
microsoft, 4
individuals, 1
operator, 1
lifecycle, 3
features, 5
either, 4
compile, 3
generics, 4
has, 11
keyword, 4
starts, 1
ecma, 2
acquired, 1
those, 3
given, 1
unreachable, 1
insufficient, 1
freed, 1
technologies, 3
longer, 4
suited, 1
converted, 2
sued, 1
district, 1
name, 14
selling, 1
page, 2
fields, 1
parameters, 1
full, 1
next, 1
memory, 16
string, 17
import, 4
hidden, 1
android, 13
classes, 19
aspects, 1
description, 1
edition, 1
non, 1
not, 19
documenting, 1
statement, 1
trademark, 1
supporting, 1
analogous, 1
early, 1
ensures, 1
convention, 1
interfaces, 4
infringed, 1
green, 2
was, 12
libraries, 3
derives, 1
windows, 4
generic, 2
way, 2
manage, 2
refer, 1
spared, 1
initially, 2
vulnerabilities, 1
time, 8
window, 5
gtk+, 1
configurable, 1
applications, 11
awt, 4
container, 7
drawstring, 1
developers, 6
quickly, 1
usage, 1
deprecated, 1
interactive, 1
program, 14
when, 9
three, 2
required, 2
multi, 1
jit, 1
largely, 2
specifically, 2
participating, 1
embed, 2
case, 1
hardware, 5
generation, 1
identifier, 1
item, 1
having, 2
standalone, 1
dates, 1
dependencies, 1
explicit, 1
ships, 1
provide, 4
allocate, 1
style, 6
primary, 2
requires, 1
participation, 1
explicitly, 4
widget, 1
enterprise, 3
methods, 8
portion, 1
direct, 3
pattern, 1
smart, 1
undefined, 1
anti, 1
1998, 2
1997, 3
leaks, 1
computer, 2
openjdk, 2
1995, 2
web, 11
low, 2
1991, 1
merely, 1
architecture, 2
1999, 1
enables, 1
means, 3
porting, 1
efficient, 1
more, 6
display, 8
consistent, 1
ansi, 1
naughton, 1
january, 1
organization, 1
width, 1
organized, 2
momentarily, 1
superseded, 1
certain, 1
small, 1
instantiates, 2
replace, 1
section, 2
simple, 3
used, 10
compilers, 2
launched, 1
influence, 1
looks, 1
major, 2
few, 1
exiting, 1
potential, 1
described, 1
combination, 1
marked, 1
package, 2
jni, 1
created, 4
tree, 1
runtime, 7
particular, 1
opened, 2
history, 1
inner, 2
exceptions, 3
both, 1
slashes, 1
most, 3
formal, 1
overloading, 1
outside, 2
effect, 1
creates, 3
managing, 1
launches, 1
applet, 15
option, 1
launcher, 2
request, 3
game, 1
mike, 1
determines, 1
values, 1
part, 2
their, 9
alsup, 1
jlabel, 1
point, 2
general, 3
alone, 1
along, 1
parallel, 1
browser, 4
consoles, 1
designed, 4
introduction, 2
applets, 6
san, 1
process, 7
original, 2
comply, 1
built, 3
alternative, 2
also, 9
contained, 1
third, 1
approached, 1
uses, 5
latter, 1
front, 1
user, 4
simply, 1
been, 7
mostly, 1
stack, 2
servlet, 8
mime, 1
asterisk, 1
executing, 1
offer, 1
bar, 2
jre, 2
addition, 2
happen, 1
preventing, 1
pass, 1
documentation, 2
hierarchy, 3
profile, 1
scavenge, 1
active, 1
court, 2
appends, 1
an, 35
easy, 1
height=, 1
as, 42
at, 7
hoff, 1
intermediate, 2
sdk, 2
optimizations, 1
setcontenttype, 1
be, 30
jsp, 2
characteristic, 1
javadoc, 6
see, 2
capability, 1
responsibility, 1
systems, 1
by, 38
unlike, 2
jtc, 1
whom, 1
acquisition, 2
override, 1
licences, 1
embedded, 2
enabling, 1
charge, 1
contain, 4
set, 5
business, 1
advent, 1
alternate, 1
possible, 3
familiar, 1
right, 1
executable, 1
appeals, 1
june, 1
withdrew, 1
stage, 1
calls, 3
under, 6
did, 3
essential, 1
de, 2
added, 3
javaserver, 1
debugger, 1
language, 16
graphics, 4
do, 1
developed, 3
hold, 1
later, 4
designated, 1
javax, 4
prior, 2
won, 1
legal, 3
programming, 4
jvm, 4
which, 20
ee, 4
needs, 2
us$20, 1
relicensed, 1
static, 9
commonly, 2
typically, 8
finally, 1
2001, 1
2000, 1
garbage, 10
g1, 1
publicly, 2
browsers, 2
unstable, 1
never, 1
parts, 1
containers, 1
commenting, 2
party, 1
frame, 5
however, 6
some, 5
virtual, 12
beginning, 1
rather, 1
optimized, 1
for, 66
2012, 2
2010, 2
title, 3
collector, 6
content, 1
burden, 1
states, 1
2009, 1
2007, 2
desktop, 1
2006, 2
related, 2
2004, 1
oak, 2
client, 5
foss, 1
passed, 5
featuring, 1
class, 49
just, 2
pixel, 2
digital, 1
owner, 1
directed, 1
jury, 1
specification, 1
strictly, 1
existing, 1
print, 1
formalize, 1
2016, 1
although, 5
relocate, 1
form, 1
2015, 1
management, 3
2014, 1
servlets, 1
significantly, 1
comprehensive, 1
subset, 1
president, 1
qualified, 1
triggered, 1
placed, 1
advanced, 1
deallocate, 2
j2, 1
dropped, 1
soon, 2
improved, 1
tablet, 1
corner, 1
william, 1
four, 1
context, 2
model, 1
assertions, 1
usually, 2
text, 1
whereas, 1
if, 9
validation, 1
likely, 1
large, 2
in, 73
made, 1
io, 1
is, 93
stall, 1
it, 28
being, 1
loading, 1
distributions, 1
traditional, 1
operate, 1
field, 1
contents, 1
exclusively, 1
hello, 16
jsps, 1
status, 1
become, 1
server, 8
recovering, 1
works, 1
clients, 2
enforcing, 1
operates, 1
appending, 1
mac, 2
products, 1
settlement, 1
file, 11
world, 6
library, 8
known, 2
stream, 1
december, 1
ability, 1
everything, 1
stand, 1
implementations, 6
side, 4
may, 13
within, 1
supplied, 1
forward, 1
could, 1
lacks, 1
overrides, 2
draw, 1
off, 1
machine, 18
facilities, 1
conscious, 1
return, 1
instance, 4
use, 12
subject, 1
certify, 1
several, 1
inheritance, 2
feel, 3
networking, 1
main, 12
office, 1
integer, 1
while, 3
supercomputers, 1
suffix, 1
that, 48
copyrighted, 2
revenue, 1
find, 1
than, 5
sufficient, 1
me, 2
host, 4
relentless, 1
criticisms, 1
different, 9
international, 2
directly, 2
regardless, 1
selected, 1
semantically, 1
ideal, 1
level, 4
accepts, 1
occur, 2
restrictions, 1
thrown, 1
difficult, 1
includes, 2
ideas, 1
throws, 1
becomes, 1
chosen, 1
relevant, 1
license, 4
collectors, 2
null, 1
true, 2
oriented, 4
helloworldapp, 2
errors, 2
since, 2
no, 7
behind, 1
code, 21
belong, 1
sheridan, 1
pairings, 1
println, 2
evangelist, 1
setdefaultcloseoperation, 1
of, 116
heap, 4
included, 1
make, 3
on, 25
allocated, 2
unofficial, 1
allows, 6
execution, 1
designers, 1
opposed, 1
or, 17
os, 2
control, 5
thread, 2
segmented, 1
editions, 1
writer, 1
handler, 1
interpreting, 1
upper, 1
dalvik, 1
stood, 1
promised, 1
crash, 1
accessing, 1
meaning, 1
<applet>, 1
drawing, 1
programmers, 2
brand, 1
released, 5
they, 3
10, 1
goals, 1
height, 1
based, 4
13, 2
pointer, 2
14, 1
15, 3
16, 1
17, 1
18, 1
19, 1
them, 1
portable, 1
then, 4
something, 1
accept, 1
appletcontext, 1
re, 1
pillar, 1
invoked, 2
programs, 8
interpreted, 1
starting, 1
20, 1
21, 1
22, 1
23, 1
checking, 1
24, 1
components, 2
access, 7
25, 1
26, 1
primitive, 3
27, 2
28, 1
29, 1
industry, 1
executed, 3
sun, 29
long, 1
into, 5
se, 8
current, 2
managed, 1
supports, 1
operating, 4
free, 4
so, 2
30, 1
31, 2
preferred, 1
key, 1
32, 1
33, 1
34, 1
35, 1
variables, 1
36, 1
37, 1
decision, 1
though, 1
38, 1
39, 1
one, 7
makes, 2
started, 1
denotes, 1
launch, 1
many, 4
ideally, 1
controlled, 2
single, 2
actually, 1
face, 1
getwriter, 1
associated, 1
holds, 1
closed, 3
to, 115
40, 1
41, 1
operation, 1
open, 3
partially, 1
42, 1
reimplementation, 1
43, 1
but, 10
44, 1
45, 1
commercial, 1
46, 1
47, 1
declare, 1
48, 1
separate, 2
49, 1
available, 4
numbers, 2
project, 2
reputation, 1
inside, 3
aqua, 1
whenever, 1
apache, 1
ruled, 1
aids, 1
written, 9
50, 1
51, 1
five, 1
generate, 3
52, 1
53, 1
54, 1
55, 1
treated, 1
dispatching, 2
56, 1
oracle, 14
this, 22
constructor, 2
collection, 2
look, 3
extends, 3
once, 6
vm, 3
pluggable, 1
60, 1
support, 10
insists, 1
subclasses, 1
65, 1
implements, 1
allow, 1
installed, 1
jazelle, 1
reasons, 2
lawsuit, 1
needed, 4
iec, 2
update, 1
resides, 1
modifiers, 1
speed, 2
printf, 1
printstream, 1
apple, 1
proprietary, 2
linux, 2
kit, 1
disposed, 2
every, 1
normal, 1
types, 6
classpath, 1
recently, 1
technology, 2
xp, 1
paintcomponent, 4
step, 1
passing, 2
mark, 1
software, 9
claimed, 1
graphical, 3
during, 1
processors, 1
type, 5
april, 1
integers, 3
subtypes, 1
compatible, 2
problem, 3
terms, 3
safety, 2
superclass, 5
90, 1
95, 1
presence, 1
between, 1
attempts, 1
van, 1
still, 5
goal, 2
method, 31
overhead, 2
icedtea, 1
wora, 2
filing, 1
itself, 4
concatenation, 1
versions, 5
following, 2
terminate, 2
specifies, 1
hotspot, 3
james, 3
requests, 4
distribution, 1
tools, 1
specified, 1
out, 4
leak, 2
causes, 3
installation, 1
federal, 1
initialized, 1
event, 2
dispute, 2
include, 5
initializes, 1
additionally, 1
elements, 1
anonymous, 1
located, 1
cannot, 2
responses, 2
threading, 1
runs, 2
first, 6
addresses, 2
data, 9
adequate, 1
own, 4
fewer, 1
reference, 4
gosling, 5
only, 8
j2ee, 1
create, 4
from, 25
html, 7
tag, 3
development, 4
offset, 1
like, 1
commitment, 1
servletexception, 1
finished, 1
sent, 1
core, 2
purposes, 1
files, 1
arthur, 1
note, 1
purpose, 1
configuration, 1
line, 6
scientific, 1
scale, 1
statements, 2
error, 1
platform, 13
network, 1
can, 18
security, 3
targeting, 2
public, 16
array, 4
eligible, 1
floating, 2
parameter, 4
said, 1
value, 1
inc, 1
cost, 1
aims, 1
will, 2
idle, 1
implementation, 18
arbitrary, 1
groups, 1
allowing, 1
instead, 4
ultimately, 1
controversy, 1
command, 2
int, 3
performance, 2
boolean, 3
currently, 2
compliance, 1
response, 5
variable, 2
arguments, 3
Total of all counts = 4798
, 288
exception, 3
german, 1
year, 1
govern, 1
remote, 1
slower, 1
without, 7
building, 1
these, 12
asserts, 1
introduced, 1
would, 3
xml, 2
4gl, 1
visual, 1
because, 4
ten, 1
definitions, 1
ran, 1
invented, 2
organizational, 1
blockcontext, 1
wedded, 1
internally, 1
thus, 1
require, 7
scratch, 1
community, 1
analysis, 4
version, 1
adapted, 1
1, 8
2, 6
extensions, 1
contains, 3
linq, 1
3, 3
4, 2
selection, 1
5, 1
much, 5
object, 6
appropriate, 2
role, 1
rejecting, 1
achieve, 1
least, 1
blur, 1
suffice, 1
notable, 1
example, 17
paradigmatic, 1
result, 3
rejects, 1
behavior, 8
computers, 3
hand, 2
haskell, 1
a, 167
mainframes, 1
b, 1
c, 16
address, 1
d, 1
e, 5
f, 1
g, 1
i, 5
textual, 6
the, 264
straight, 1
p, 4
newer, 1
r, 1
s, 15
grammars, 1
ericsson, 1
unrelated, 1
w, 1
x, 3
fifth, 2
information, 2
combined, 2
aerospace, 1
novel, 1
standard, 5
instructions, 3
communicate, 2
iso, 1
correct, 8
keywords, 1
inputs, 1
moved, 1
dijkstra, 2
acm, 1
completeness, 1
specifications, 3
infers, 1
analyses, 1
syntactic, 4
incorporated, 1
2gl, 1
speakers, 1
implement, 1
replacements, 1
others, 1
ada, 3
add, 1
making, 2
educational, 1
need, 3
finite, 2
wrote, 2
ferranti, 1
lisp, 5
unchecked, 1
troff, 1
its, 11
originally, 2
often, 10
check, 1
konrad, 1
article, 1
users, 5
lack, 1
external, 2
parser, 1
casts, 1
shell, 2
claims, 1
interleaves, 1
decimal, 1
useful, 2
formats, 2
united, 1
applied, 1
relieving, 1
production, 1
interface, 1
punched, 1
prevent, 1
compiled, 3
provides, 2
scope, 1
standardized, 1
hard, 2
compiler, 6
lines, 1
generically, 1
citation, 1
blocks, 3
perform, 4
multiple, 3
evolution, 1
message, 1
manchester, 4
noted, 1
special, 1
with, 22
environment, 2
there, 6
arises, 1
translation, 2
permit, 2
syntax, 10
well, 2
detected, 3
family, 3
referred, 1
albeit, 1
c++, 3
called, 12
backus, 2
told, 1
considered, 7
atlas, 2
configurations, 1
averaging, 1
focus, 1
changing, 2
occurs, 1
faults, 1
approach, 1
years, 1
number, 9
implication, 1
property, 1
2+2, 1
block, 1
per, 2
write, 8
flow, 5
manipulate, 1
algorithm, 3
order, 2
similar, 1
period, 2
lexical, 1
went, 1
programmer, 11
distant, 1
corporation, 1
specify, 4
clr, 1
understand, 1
distributed, 1
handle, 1
underlying, 3
thousands, 2
forth, 1
edsger, 2
ever, 1
system, 10
even, 8
compose, 1
strongly, 4
binary, 1
integration, 1
programmed, 1
orders, 1
partial, 1
authors, 3
algorithms, 3
other, 17
conversions, 2
aim, 1
kinds, 4
respectively, 1
functionality, 1
restrict, 1
local, 1
valid, 2
conjunction, 1
goto, 1
rights, 1
have, 31
electronic, 1
share, 2
casting, 3
assertion, 1
imperative, 3
declarative, 2
pianos, 1
product, 1
particularly, 1
famous, 1
dominant, 2
identifiers, 1
ucsd, 1
intellectual, 1
prototype, 1
opportunities, 1
produce, 1
interchangeably, 1
stored, 1
php, 1
logic, 3
smalltalk, 2
entity, 1
communities, 1
com, 1
prohibit, 1
measuring, 1
precision, 2
prevents, 1
implicitly, 1
lets, 1
translated, 1
descendant, 1
manner, 2
upon, 2
points, 1
academia, 1
whether, 2
academic, 1
discusses, 1
function, 4
implemented, 4
verification, 1
all, 13
always, 1
border, 1
new, 8
settings, 1
took, 1
baghdad, 1
circumstances, 1
macros, 2
including, 4
read, 1
void, 1
markup, 4
below, 1
differs, 2
applicable, 2
shall, 1
cpu, 1
constitutes, 1
positions, 1
less, 3
real, 1
tool, 1
unit, 1
hybrid, 1
contemporary, 1
alan, 1
were, 17
confusingly, 1
typing, 6
translates, 1
arms, 1
basic, 2
unix, 2
specialized, 1
boundary, 1
became, 3
musa, 1
university, 5
technique, 2
manifestly, 3
overarching, 1
units, 1
disallowed, 1
univac, 1
running, 2
scripting, 6
primitives, 3
autocode, 7
similarly, 2
and, 128
intended, 5
design, 6
define, 2
lang, 1
universal, 1
declared, 1
tied, 3
deliberately, 1
abstraction, 2
automatic, 1
requirement, 1
specific, 5
distinguished, 1
despite, 1
any, 4
declarations, 4
chomsky, 1
application, 1
lengths, 1
compilation, 4
punctuation, 1
communicated, 1
until, 3
machines, 3
xslt, 1
strategy, 1
forms, 4
reason, 1
developments, 1
japan, 1
compiling, 2
anywhere, 1
defines, 4
professional, 1
java, 9
notation, 2
english, 3
represented, 3
let, 1
defined, 11
pointers, 2
fully, 3
portions, 1
eliminated, 1
using, 11
verifying, 1
investigating, 1
each, 3
javascript, 4
labels, 1
argues, 1
input, 3
letter, 1
difference, 1
must, 6
calculations, 1
bytecode, 2
complexity, 1
increased, 2
argued, 1
document, 1
another, 4
automatically, 4
concurrent, 2
predecessor, 1
two, 3
descendants, 1
literal, 1
diversity, 1
found, 1
desired, 2
varying, 1
are, 66
defense, 1
does, 2
vendor, 2
taken, 2
grace, 1
came, 1
structured, 4
formalisms, 1
where, 1
mechanism, 1
popular, 5
reynolds, 1
languages, 138
structures, 3
combining, 2
team, 1
delegates, 1
declaration, 1
entirely, 1
describes, 2
refinements, 1
abstractions, 1
such, 15
diagnostics, 1
filling, 1
absolute, 2
syntactically, 5
describe, 1
understood, 1
through, 2
documents, 1
tedious, 1
remington, 1
needing, 1
had, 2
run, 8
remains, 1
source, 3
microsoft, 2
research, 4
debate, 2
features, 1
either, 3
view, 1
late, 1
compile, 4
bias, 1
things, 1
cambridge, 1
has, 12
results, 1
those, 4
actual, 1
given, 4
correctness, 1
definite, 1
involves, 1
might, 3
widely, 3
adapt, 1
batch, 1
uncomfortable, 1
significant, 2
engineering, 1
expressions, 9
1943, 1
improving, 1
ignorance, 1
involved, 1
converted, 1
name, 1
detecting, 1
overall, 1
1949, 1
1945, 1
next, 1
benefits, 1
cards, 1
string, 8
occupy, 1
aspects, 2
impossible, 1
description, 2
erlang, 1
effort, 1
hartley, 1
1954, 2
not, 22
1952, 1
brooker, 2
now, 2
statement, 1
debugging, 1
perl, 6
1959, 2
1958, 1
derived, 1
early, 7
1955, 2
hours, 1
c232, 1
center, 1
was, 21
libraries, 1
earliest, 3
suddenly, 1
generic, 2
way, 2
bypass, 2
what, 6
fallen, 1
jacquard, 1
zuse, 1
1961, 1
refer, 1
short, 2
12345, 1
time, 18
1968, 1
applications, 5
decidable, 1
measured, 1
usage, 6
interactive, 1
program, 25
semantics, 16
when, 8
plankalkül, 1
required, 1
alick, 1
multi, 1
artifact, 1
cast, 2
her, 1
statically, 6
largely, 1
broad, 1
1960s, 2
greater, 2
case, 5
hardware, 9
generation, 6
identifier, 1
item, 1
having, 2
esoteric, 1
chained, 1
dates, 1
dynamically, 2
1987, 1
explicit, 3
provide, 5
latent, 1
determined, 1
refined, 1
dividing, 1
purely, 1
implicit, 2
explicitly, 2
study, 1
emphasizes, 1
conditionally, 1
methods, 1
sentences, 1
reliability, 1
direct, 5
merits, 1
consume, 1
undefined, 2
1998, 1
computer, 20
ways, 2
modern, 2
low, 1
datatype, 1
occasionally, 1
merely, 1
relieved, 1
architecture, 2
meant, 1
means, 2
entirety, 1
more, 13
edsac, 2
centre, 1
performed, 1
meanings, 2
great, 1
wrong, 1
organization, 1
char, 1
broadly, 1
certain, 5
small, 1
distinction, 2
before, 2
simple, 2
figuratively, 1
used, 27
compilers, 1
influence, 1
major, 3
checked, 1
few, 1
1980s, 4
described, 3
combination, 4
naur, 1
created, 4
kind, 1
runtime, 1
particular, 1
both, 7
formal, 7
important, 4
most, 19
refers, 2
outside, 1
sums, 1
mauchly, 1
who, 1
part, 4
values, 4
determines, 1
their, 13
numeric, 1
constructs, 12
elsewhere, 1
point, 1
general, 5
database, 1
looms, 1
along, 1
parallel, 1
5gl, 1
designed, 7
subvert, 1
introduction, 1
rest, 1
process, 3
amount, 1
built, 2
assignment, 1
saw, 1
alternative, 1
threads, 1
also, 13
say, 1
approaches, 2
differ, 2
third, 2
various, 4
mean, 2
interaction, 1
uses, 2
front, 1
further, 1
hopper, 2
treating, 1
user, 1
simply, 2
equivalent, 1
been, 15
mostly, 1
evolved, 1
toggled, 1
switches, 1
conversely, 1
ambiguous, 1
rand, 1
offer, 1
mixins, 1
depending, 1
complex, 1
rank, 1
diverse, 1
evaluated, 1
knowledge, 1
addition, 1
1800s, 1
vein, 1
going, 1
devised, 2
hierarchy, 1
ancestor, 1
mainstream, 2
an, 43
whose, 1
as, 55
at, 18
interpretation, 1
finer, 1
domain, 5
omitted, 1
conventionally, 1
formed, 2
relative, 1
strong, 3
deal, 1
be, 55
traits, 1
scheme, 2
affect, 1
rexx, 1
glennie, 1
how, 5
communications, 1
see, 1
implementors, 1
systems, 6
by, 38
unlike, 1
matic, 3
popularity, 2
assembly, 4
3gl, 1
term, 4
customers, 1
panel, 1
embedded, 2
blurring, 1
set, 2
contain, 2
business, 1
incorrect, 2
fastest, 1
words, 2
possible, 4
hybrids, 1
9th, 1
gaps, 1
transition, 1
instructed, 1
cobol, 2
undecidable, 1
meet, 1
regarded, 1
answer, 1
calls, 1
pseudocode, 1
complicated, 1
essential, 1
represent, 1
performs, 1
dialect, 1
added, 1
sometimes, 3
language, 101
promise, 1
sites, 1
do, 8
developed, 10
latex, 1
hold, 1
familial, 1
later, 1
designated, 1
prior, 1
adding, 1
preceded, 1
programming, 115
computational, 1
which, 31
needs, 1
static, 8
commonly, 8
typically, 2
count, 1
turing, 3
2000, 1
dismissive, 1
publicly, 1
she, 1
take, 1
thereof, 1
piece, 2
varies, 2
parts, 2
perlis, 1
however, 10
some, 26
virtual, 2
rather, 4
session, 1
for, 72
states, 1
related, 3
fortran, 2
divide, 1
passed, 1
just, 4
human, 4
1950s, 3
class, 2
conversion, 1
notice, 1
digital, 1
over, 3
false, 1
go, 1
specification, 9
existing, 2
form, 11
although, 3
2013, 1
decades, 1
he, 1
showing, 1
humans, 1
subset, 3
assign, 1
very, 2
practice, 3
brothers, 1
advanced, 1
convert, 1
construct, 2
attempt, 1
output, 2
relationships, 1
tape, 1
context, 4
model, 1
usually, 8
text, 2
classifies, 1
if, 6
tasks, 1
letters, 1
sentence, 2
python, 3
large, 4
surface, 1
in, 111
made, 2
bits, 1
dismissed, 1
is, 67
classified, 4
being, 3
it, 28
foolish, 1
classification, 2
aimed, 1
resulting, 1
odd, 1
altered, 1
field, 3
served, 1
contrast, 3
invalid, 1
john, 3
begin, 1
spawned, 1
trading, 1
server, 1
semantic, 4
brought, 1
inference, 2
serves, 1
langpop, 1
eventually, 1
sequences, 3
literature, 1
world, 1
government, 1
library, 10
known, 6
strings, 1
ability, 1
implementations, 6
together, 1
side, 1
may, 23
within, 3
could, 1
undetected, 1
trigger, 1
defining, 3
off, 1
computation, 4
generally, 6
century, 1
traditionally, 2
corporate, 1
machine, 14
instruction, 1
websites, 1
complete, 6
facilities, 2
return, 1
instance, 5
use, 14
subject, 1
several, 3
annotations, 2
main, 1
integer, 2
subroutine, 1
diffuse, 1
while, 7
supercomputers, 1
second, 3
that, 59
high, 9
faster, 1
split, 1
than, 7
claim, 1
different, 11
communication, 1
directly, 1
ml, 3
alter, 1
artifacts, 2
combine, 1
semantically, 2
vbscript, 1
level, 14
restrictions, 2
difficult, 2
ideas, 5
coded, 1
originate, 1
varieties, 1
task, 1
directions, 1
null, 2
infer, 2
flaws, 1
nonetheless, 1
position, 2
oriented, 5
present, 1
termed, 2
errors, 3
since, 4
problems, 2
no, 4
code, 16
paradigm, 2
paradigms, 6
movements, 1
symbols, 3
sql, 1
considerable, 1
bcpl, 1
of, 163
inventing, 1
somehow, 1
magnitude, 1
physical, 1
make, 5
included, 1
on, 27
allows, 2
execution, 15
macro, 1
opposed, 2
processes, 1
>im, 1
designers, 3
or, 43
downside, 1
determine, 1
nature, 2
control, 5
thread, 1
families, 1
exactly, 1
structure, 4
ruby, 2
contractors, 1
bytes, 1
circulation, 1
essentially, 1
invention, 1
remarks, 1
properties, 1
handler, 1
interpreting, 1
coherent, 1
about, 2
parsing, 2
constraints, 1
branching, 1
quotes, 1
objective, 1
character, 1
extremely, 1
speaking, 1
meaning, 8
raises, 1
above, 1
magnetic, 1
programmers, 4
exhibit, 1
meaningless, 1
they, 12
released, 1
goals, 1
symbolic, 1
based, 4
13, 1
pointer, 3
14, 1
closely, 2
modula, 1
15, 1
16, 1
17, 1
18, 1
module, 1
19, 1
them, 6
interpreter, 4
then, 2
execute, 3
concepts, 4
processing, 1
programs, 21
understandable, 1
interpreted, 2
20, 1
21, 1
subsets, 1
22, 1
23, 1
checking, 5
components, 1
24, 1
functional, 4
fact, 2
25, 1
access, 1
26, 1
primitive, 1
27, 1
28, 1
29, 1
mid, 1
grammatical, 1
fundamental, 1
industry, 1
executed, 6
eliminate, 1
seen, 1
seem, 1
pieces, 1
into, 8
referring, 1
current, 1
operating, 1
so, 6
free, 1
30, 1
31, 1
32, 1
33, 1
issuing, 1
34, 1
35, 1
36, 1
expression, 3
bother, 1
39, 1
one, 14
many, 17
people, 1
transportation, 1
single, 5
actually, 1
appear, 1
texts, 1
ibm, 1
handled, 1
associated, 3
closed, 2
to, 117
vast, 1
fourth, 1
40, 1
41, 1
operation, 7
42, 1
open, 5
43, 1
but, 10
44, 1
45, 1
commercial, 1
46, 1
treat, 1
47, 7
separate, 3
48, 1
49, 1
available, 6
rapid, 1
numbers, 2
expressing, 1
express, 4
rules, 4
contexts, 1
mainly, 2
regularly, 1
modularity, 1
dynamic, 4
details, 1
military, 1
written, 6
50, 1
up, 1
disuse, 1
51, 1
unusual, 1
52, 1
us, 1
53, 1
commands, 4
54, 1
55, 1
treated, 3
56, 1
57, 1
oracle, 1
this, 18
aimaco, 1
degree, 2
collection, 2
modules, 1
especially, 1
laboratory, 1
once, 2
transformations, 2
solve, 1
61, 1
62, 1
support, 2
63, 1
internet, 2
64, 1
higher, 4
65, 1
allow, 8
66, 1
needed, 2
sgml, 1
idea, 1
vehicles, 1
expects, 2
fundamentally, 1
common, 4
proprietary, 8
throughout, 1
70, 1
definition, 4
71, 1
72, 1
emphasize, 1
73, 1
every, 4
mask, 1
types, 14
encourages, 1
strokes, 1
cases, 3
previous, 1
again, 1
indeed, 1
flute, 1
typed, 19
artificial, 2
untyped, 2
z3, 1
ones, 2
step, 1
mark, 3
3gls, 1
software, 3
trend, 2
graphical, 2
axes, 1
during, 3
type, 35
degrees, 1
grammar, 5
problem, 1
terms, 2
safety, 2
enable, 1
between, 10
attempts, 1
phase, 1
still, 8
goal, 3
natural, 9
arise, 1
procedural, 1
agree, 1
benchmark, 1
exist, 2
combinations, 1
examples, 3
among, 2
following, 4
exact, 1
substantially, 1
theory, 2
specifies, 1
internal, 3
pascal, 2
specified, 6
weak, 1
out, 1
across, 1
orthogonal, 1
feature, 1
moreover, 1
elaborated, 1
writing, 2
continues, 1
verify, 1
leap, 1
precise, 2
regular, 1
1970s, 2
include, 8
simplest, 1
abstract, 1
converts, 1
consolidation, 1
token, 1
help, 1
expect, 1
structuring, 1
additionally, 1
elements, 2
cannot, 4
anonymous, 1
prone, 1
runs, 1
first, 9
mathematical, 3
succeeds, 1
data, 16
theoretical, 1
float, 1
minority, 1
descending, 1
reference, 2
optimisation, 1
spite, 1
describing, 1
only, 7
should, 3
inferred, 2
create, 1
from, 27
html, 1
mechanisms, 1
readable, 1
matlab, 1
development, 5
like, 6
ill, 1
accepted, 1
published, 2
failed, 1
regards, 1
grammatically, 1
sequence, 1
core, 5
proposed, 3
person, 1
purposes, 1
safe, 2
enforce, 1
ground, 1
potentially, 1
>>, 1
here, 1
ancestry, 1
solving, 1
purpose, 7
rejected, 2
mercury, 2
line, 4
scientific, 1
weakly, 3
scale, 2
distinct, 2
interact, 1
statements, 3
error, 6
can, 22
computing, 4
security, 1
operations, 7
paper, 1
array, 2
1990s, 1
tcl, 1
value, 4
player, 2
carried, 1
enforced, 1
programmable, 1
constructed, 2
computations, 1
soundness, 1
limited, 2
will, 3
studied, 1
implementation, 10
spent, 1
resources, 1
standardize, 1
intent, 1
loopholes, 1
int, 2
command, 1
factors, 1
fragment, 1
performance, 2
trade, 1
variable, 4
growth, 1
arguments, 1
normally, 1
Total of all counts = 5505
]]></system-out>
  <system-err><![CDATA[]]></system-err>
</testsuite>
